<?xml version="1.0" encoding="UTF-8"?>
<!-- Generated by org.testng.reporters.JUnitReportReporter -->
<testsuite hostname="DESKTOP-TK8QPJB" failures="0" tests="1" name="Test.LoginTest" time="13.003" errors="0" timestamp="2022-05-04T19:42:02 IST" skipped="0">
  <testcase classname="Test.LoginTest" name="LoginWithCredentials" time="13.003"/>
  <system-out/>
</testsuite> <!-- Test.LoginTest -->
